[data] filtered split: {'raw_treated_rows': 63405, 'raw_control_rows': 35546, 'filtered_treated_rows': 63212, 'filtered_control_rows': 35544, 'dropped_treated_rows': 193, 'dropped_control_rows': 2, 'missing_csv_path': '/teamspace/studios/this_studio/cellfluxv2_repro/data/missing_addresses.csv'}
[data] dataset len(treated)=63212 smiles_vocab=1674
[model] params: 18,230,280 device=cuda
wandb: [wandb.login()] Loaded credentials for https://api.wandb.ai from /teamspace/studios/this_studio/.netrc.
wandb: Currently logged in as: immoustafa0 (immoustafa0-city-university-of-london) to https://api.wandb.ai. Use `wandb login --relogin` to force relogin
wandb: WARNING Using a boolean value for 'reinit' is deprecated. Use 'return_previous' or 'finish_previous' instead.
wandb: setting up run hyeekygn
wandb: Tracking run with wandb version 0.26.1
wandb: Run data is saved locally in /teamspace/studios/this_studio/cellfluxv2_repro/runs/stage1/wandb/run-20260512_154952-hyeekygn
wandb: Run `wandb offline` to turn off syncing.
wandb: Syncing run lyric-lake-5
wandb: ⭐️ View project at https://wandb.ai/immoustafa0-city-university-of-london/cellfluxv2-stage1
wandb: 🚀 View run at https://wandb.ai/immoustafa0-city-university-of-london/cellfluxv2-stage1/runs/hyeekygn
[wandb] run=lyric-lake-5 url=https://wandb.ai/immoustafa0-city-university-of-london/cellfluxv2-stage1/runs/hyeekygn
wandb: WARNING Symlinked 1 file into the W&B run directory; call wandb.save again to sync new files.
[step 0/2000 epoch 0] cond_drop_frac=0.1035 grad_norm=2.4966 loss=7.0731 t_mean=0.5171 v_pred_rms=0.3879 v_target_rms=2.6290
[step 20/2000 epoch 0] cond_drop_frac=0.0879 grad_norm=0.8636 loss=6.7896 t_mean=0.4882 v_pred_rms=0.4818 v_target_rms=2.6429
[step 40/2000 epoch 0] cond_drop_frac=0.0918 grad_norm=0.6451 loss=6.6256 t_mean=0.4971 v_pred_rms=0.5411 v_target_rms=2.6403
[step 60/2000 epoch 0] cond_drop_frac=0.0918 grad_norm=1.0688 loss=6.3797 t_mean=0.5032 v_pred_rms=0.6520 v_target_rms=2.5977
[step 80/2000 epoch 0] cond_drop_frac=0.0723 grad_norm=3.7313 loss=5.9308 t_mean=0.5199 v_pred_rms=0.8706 v_target_rms=2.5887
[step 100/2000 epoch 0] cond_drop_frac=0.0762 grad_norm=4.3742 loss=5.9892 t_mean=0.4895 v_pred_rms=1.0791 v_target_rms=2.6642
[step 120/2000 epoch 0] cond_drop_frac=0.0996 grad_norm=5.7664 loss=5.6170 t_mean=0.4921 v_pred_rms=1.1665 v_target_rms=2.6413
[step 140/2000 epoch 1] cond_drop_frac=0.0879 grad_norm=3.7938 loss=5.8483 t_mean=0.5034 v_pred_rms=1.2356 v_target_rms=2.7019
[step 160/2000 epoch 1] cond_drop_frac=0.1211 grad_norm=4.7985 loss=5.6908 t_mean=0.4781 v_pred_rms=1.2589 v_target_rms=2.6694
[step 180/2000 epoch 1] cond_drop_frac=0.1211 grad_norm=3.7793 loss=5.5017 t_mean=0.5110 v_pred_rms=1.2093 v_target_rms=2.6567
[step 200/2000 epoch 1] cond_drop_frac=0.0840 grad_norm=3.9038 loss=5.6732 t_mean=0.5146 v_pred_rms=1.2512 v_target_rms=2.6764
[step 220/2000 epoch 1] cond_drop_frac=0.0898 grad_norm=4.0576 loss=5.7128 t_mean=0.4922 v_pred_rms=1.1964 v_target_rms=2.7054
[step 240/2000 epoch 1] cond_drop_frac=0.0742 grad_norm=3.8867 loss=5.7154 t_mean=0.4933 v_pred_rms=1.2591 v_target_rms=2.6857
[step 260/2000 epoch 2] cond_drop_frac=0.1113 grad_norm=2.1589 loss=5.5328 t_mean=0.5112 v_pred_rms=1.2095 v_target_rms=2.6725
[step 280/2000 epoch 2] cond_drop_frac=0.0957 grad_norm=3.0527 loss=5.2800 t_mean=0.4916 v_pred_rms=1.1755 v_target_rms=2.6003
[step 300/2000 epoch 2] cond_drop_frac=0.0938 grad_norm=2.8693 loss=5.2708 t_mean=0.5223 v_pred_rms=1.2838 v_target_rms=2.6319
[step 320/2000 epoch 2] cond_drop_frac=0.1445 grad_norm=3.2963 loss=5.2508 t_mean=0.5083 v_pred_rms=1.2720 v_target_rms=2.6339
[step 340/2000 epoch 2] cond_drop_frac=0.0918 grad_norm=3.1662 loss=5.3550 t_mean=0.5414 v_pred_rms=1.2560 v_target_rms=2.6481
[step 360/2000 epoch 2] cond_drop_frac=0.1016 grad_norm=3.1820 loss=5.2030 t_mean=0.5124 v_pred_rms=1.2968 v_target_rms=2.6192
[step 380/2000 epoch 3] cond_drop_frac=0.0957 grad_norm=3.1064 loss=5.2573 t_mean=0.5039 v_pred_rms=1.2488 v_target_rms=2.5928
[step 400/2000 epoch 3] cond_drop_frac=0.0996 grad_norm=2.8936 loss=5.5162 t_mean=0.5053 v_pred_rms=1.2917 v_target_rms=2.6688
[step 420/2000 epoch 3] cond_drop_frac=0.1016 grad_norm=3.2505 loss=5.4837 t_mean=0.5011 v_pred_rms=1.2183 v_target_rms=2.6353
[step 440/2000 epoch 3] cond_drop_frac=0.0977 grad_norm=2.5868 loss=5.0656 t_mean=0.4809 v_pred_rms=1.1860 v_target_rms=2.5574
[step 460/2000 epoch 3] cond_drop_frac=0.1074 grad_norm=2.6112 loss=5.4263 t_mean=0.5039 v_pred_rms=1.2776 v_target_rms=2.6853
[step 480/2000 epoch 3] cond_drop_frac=0.1133 grad_norm=3.2893 loss=5.5265 t_mean=0.4950 v_pred_rms=1.2660 v_target_rms=2.6603
[step 500/2000 epoch 4] cond_drop_frac=0.0957 grad_norm=2.4225 loss=5.2768 t_mean=0.5053 v_pred_rms=1.2574 v_target_rms=2.6445
[step 520/2000 epoch 4] cond_drop_frac=0.0859 grad_norm=3.0425 loss=5.4407 t_mean=0.5034 v_pred_rms=1.3358 v_target_rms=2.6922
[step 540/2000 epoch 4] cond_drop_frac=0.0938 grad_norm=2.4868 loss=5.4644 t_mean=0.5007 v_pred_rms=1.2230 v_target_rms=2.6684
[step 560/2000 epoch 4] cond_drop_frac=0.0762 grad_norm=3.1670 loss=5.2744 t_mean=0.5091 v_pred_rms=1.3290 v_target_rms=2.6442
[step 580/2000 epoch 4] cond_drop_frac=0.1035 grad_norm=3.4731 loss=5.6131 t_mean=0.5135 v_pred_rms=1.4212 v_target_rms=2.7533
[step 600/2000 epoch 4] cond_drop_frac=0.1074 grad_norm=2.9473 loss=5.2954 t_mean=0.5093 v_pred_rms=1.2615 v_target_rms=2.6414
[step 620/2000 epoch 5] cond_drop_frac=0.0957 grad_norm=2.4691 loss=5.3586 t_mean=0.4843 v_pred_rms=1.2802 v_target_rms=2.6503
[step 640/2000 epoch 5] cond_drop_frac=0.0938 grad_norm=2.7424 loss=5.2400 t_mean=0.5174 v_pred_rms=1.3632 v_target_rms=2.6737
[step 660/2000 epoch 5] cond_drop_frac=0.0859 grad_norm=2.3295 loss=5.2797 t_mean=0.5000 v_pred_rms=1.3011 v_target_rms=2.6705
[step 680/2000 epoch 5] cond_drop_frac=0.1016 grad_norm=2.9995 loss=5.5960 t_mean=0.4988 v_pred_rms=1.3259 v_target_rms=2.7149
[step 700/2000 epoch 5] cond_drop_frac=0.0977 grad_norm=3.4178 loss=5.3035 t_mean=0.4862 v_pred_rms=1.2976 v_target_rms=2.6317
[step 720/2000 epoch 5] cond_drop_frac=0.1016 grad_norm=2.8993 loss=5.3118 t_mean=0.4966 v_pred_rms=1.2914 v_target_rms=2.6435
[step 740/2000 epoch 6] cond_drop_frac=0.1016 grad_norm=2.3557 loss=5.3706 t_mean=0.5087 v_pred_rms=1.3406 v_target_rms=2.6845
[step 760/2000 epoch 6] cond_drop_frac=0.0957 grad_norm=2.5040 loss=5.0832 t_mean=0.5086 v_pred_rms=1.3366 v_target_rms=2.6153
[step 780/2000 epoch 6] cond_drop_frac=0.0762 grad_norm=2.3323 loss=5.4391 t_mean=0.5136 v_pred_rms=1.3071 v_target_rms=2.6798
[step 800/2000 epoch 6] cond_drop_frac=0.1074 grad_norm=1.4998 loss=5.0369 t_mean=0.5283 v_pred_rms=1.3728 v_target_rms=2.6190
[step 820/2000 epoch 6] cond_drop_frac=0.1113 grad_norm=2.8364 loss=4.9313 t_mean=0.5212 v_pred_rms=1.5212 v_target_rms=2.6806
[step 840/2000 epoch 6] cond_drop_frac=0.1367 grad_norm=3.7870 loss=4.8959 t_mean=0.5059 v_pred_rms=1.5073 v_target_rms=2.6396
[step 860/2000 epoch 6] cond_drop_frac=0.0938 grad_norm=2.6984 loss=4.7808 t_mean=0.4997 v_pred_rms=1.3737 v_target_rms=2.5908
[step 880/2000 epoch 7] cond_drop_frac=0.0957 grad_norm=3.2727 loss=5.0833 t_mean=0.5172 v_pred_rms=1.4961 v_target_rms=2.6919
[step 900/2000 epoch 7] cond_drop_frac=0.0859 grad_norm=3.0783 loss=4.7815 t_mean=0.5124 v_pred_rms=1.5523 v_target_rms=2.6869
[step 920/2000 epoch 7] cond_drop_frac=0.0840 grad_norm=2.9023 loss=4.9463 t_mean=0.5040 v_pred_rms=1.3598 v_target_rms=2.6568
[step 940/2000 epoch 7] cond_drop_frac=0.1172 grad_norm=3.7960 loss=4.6504 t_mean=0.4960 v_pred_rms=1.5698 v_target_rms=2.6464
[step 960/2000 epoch 7] cond_drop_frac=0.1035 grad_norm=2.2437 loss=4.8982 t_mean=0.4938 v_pred_rms=1.5033 v_target_rms=2.6869
[step 980/2000 epoch 7] cond_drop_frac=0.0762 grad_norm=2.2359 loss=4.5618 t_mean=0.4945 v_pred_rms=1.5022 v_target_rms=2.5923
[step 1000/2000 epoch 8] cond_drop_frac=0.1074 grad_norm=3.9616 loss=4.5503 t_mean=0.4891 v_pred_rms=1.4296 v_target_rms=2.5866
[step 1020/2000 epoch 8] cond_drop_frac=0.0938 grad_norm=4.5119 loss=4.7379 t_mean=0.4918 v_pred_rms=1.5323 v_target_rms=2.6384
[step 1040/2000 epoch 8] cond_drop_frac=0.1152 grad_norm=4.2291 loss=4.5961 t_mean=0.5087 v_pred_rms=1.6424 v_target_rms=2.6710
[step 1060/2000 epoch 8] cond_drop_frac=0.0957 grad_norm=3.6999 loss=4.6371 t_mean=0.4843 v_pred_rms=1.5606 v_target_rms=2.6394
[step 1080/2000 epoch 8] cond_drop_frac=0.1113 grad_norm=3.5576 loss=4.6725 t_mean=0.4946 v_pred_rms=1.6271 v_target_rms=2.6634
[step 1100/2000 epoch 8] cond_drop_frac=0.0625 grad_norm=3.8259 loss=4.5064 t_mean=0.5051 v_pred_rms=1.5678 v_target_rms=2.6355
[step 1120/2000 epoch 9] cond_drop_frac=0.0781 grad_norm=1.7397 loss=4.7495 t_mean=0.4750 v_pred_rms=1.5297 v_target_rms=2.6602
[step 1140/2000 epoch 9] cond_drop_frac=0.1211 grad_norm=3.6571 loss=4.5451 t_mean=0.4930 v_pred_rms=1.6514 v_target_rms=2.6764
[step 1160/2000 epoch 9] cond_drop_frac=0.0918 grad_norm=3.3172 loss=4.6743 t_mean=0.4802 v_pred_rms=1.6252 v_target_rms=2.6718
[step 1180/2000 epoch 9] cond_drop_frac=0.0664 grad_norm=3.4620 loss=4.5103 t_mean=0.5193 v_pred_rms=1.6091 v_target_rms=2.6552
[step 1200/2000 epoch 9] cond_drop_frac=0.0996 grad_norm=3.1346 loss=4.6037 t_mean=0.4975 v_pred_rms=1.6002 v_target_rms=2.6584
[step 1220/2000 epoch 9] cond_drop_frac=0.0801 grad_norm=3.5672 loss=4.3979 t_mean=0.5077 v_pred_rms=1.6096 v_target_rms=2.6362
[step 1240/2000 epoch 10] cond_drop_frac=0.1094 grad_norm=3.7263 loss=4.4562 t_mean=0.5070 v_pred_rms=1.5501 v_target_rms=2.6003
[step 1260/2000 epoch 10] cond_drop_frac=0.0898 grad_norm=2.8885 loss=4.5055 t_mean=0.5022 v_pred_rms=1.5591 v_target_rms=2.6279
[step 1280/2000 epoch 10] cond_drop_frac=0.0762 grad_norm=3.4885 loss=4.4101 t_mean=0.5168 v_pred_rms=1.6623 v_target_rms=2.6607
[step 1300/2000 epoch 10] cond_drop_frac=0.1035 grad_norm=3.4098 loss=4.5731 t_mean=0.5014 v_pred_rms=1.6484 v_target_rms=2.6920
[step 1320/2000 epoch 10] cond_drop_frac=0.0742 grad_norm=3.1271 loss=4.6034 t_mean=0.4747 v_pred_rms=1.5739 v_target_rms=2.6368
[step 1340/2000 epoch 10] cond_drop_frac=0.0898 grad_norm=3.0540 loss=4.6870 t_mean=0.4946 v_pred_rms=1.6430 v_target_rms=2.6958
[step 1360/2000 epoch 11] cond_drop_frac=0.0879 grad_norm=3.3334 loss=4.5268 t_mean=0.5075 v_pred_rms=1.5729 v_target_rms=2.6297
[step 1380/2000 epoch 11] cond_drop_frac=0.0996 grad_norm=2.8355 loss=4.4527 t_mean=0.4952 v_pred_rms=1.5734 v_target_rms=2.6083
[step 1400/2000 epoch 11] cond_drop_frac=0.1094 grad_norm=2.2265 loss=4.4073 t_mean=0.5019 v_pred_rms=1.5889 v_target_rms=2.6127
[step 1420/2000 epoch 11] cond_drop_frac=0.1172 grad_norm=2.3237 loss=4.6969 t_mean=0.5074 v_pred_rms=1.6430 v_target_rms=2.6905
[step 1440/2000 epoch 11] cond_drop_frac=0.1035 grad_norm=3.1685 loss=4.5361 t_mean=0.5072 v_pred_rms=1.6074 v_target_rms=2.6551
[step 1460/2000 epoch 11] cond_drop_frac=0.1133 grad_norm=2.5763 loss=4.4077 t_mean=0.4954 v_pred_rms=1.5866 v_target_rms=2.6095
[step 1480/2000 epoch 12] cond_drop_frac=0.1250 grad_norm=3.0150 loss=4.7431 t_mean=0.4969 v_pred_rms=1.6826 v_target_rms=2.7174
[step 1500/2000 epoch 12] cond_drop_frac=0.0898 grad_norm=2.8897 loss=4.7014 t_mean=0.4835 v_pred_rms=1.6119 v_target_rms=2.6771
[step 1520/2000 epoch 12] cond_drop_frac=0.0996 grad_norm=2.9320 loss=4.7152 t_mean=0.4854 v_pred_rms=1.5926 v_target_rms=2.6801
[step 1540/2000 epoch 12] cond_drop_frac=0.1250 grad_norm=3.0547 loss=4.4946 t_mean=0.4979 v_pred_rms=1.6246 v_target_rms=2.6568
[step 1560/2000 epoch 12] cond_drop_frac=0.1016 grad_norm=2.5562 loss=4.5349 t_mean=0.5135 v_pred_rms=1.6652 v_target_rms=2.6502
[step 1580/2000 epoch 12] cond_drop_frac=0.1055 grad_norm=3.5793 loss=4.4295 t_mean=0.4682 v_pred_rms=1.5801 v_target_rms=2.6300
[step 1600/2000 epoch 13] cond_drop_frac=0.0977 grad_norm=2.2642 loss=4.5543 t_mean=0.4957 v_pred_rms=1.5652 v_target_rms=2.6405
[step 1620/2000 epoch 13] cond_drop_frac=0.0977 grad_norm=2.3128 loss=4.4957 t_mean=0.4991 v_pred_rms=1.6384 v_target_rms=2.6484
[step 1640/2000 epoch 13] cond_drop_frac=0.1172 grad_norm=2.3554 loss=4.4783 t_mean=0.4774 v_pred_rms=1.5570 v_target_rms=2.5971
[step 1660/2000 epoch 13] cond_drop_frac=0.0684 grad_norm=1.6894 loss=4.5052 t_mean=0.4921 v_pred_rms=1.6006 v_target_rms=2.6334
[step 1680/2000 epoch 13] cond_drop_frac=0.0996 grad_norm=2.2796 loss=4.6040 t_mean=0.5068 v_pred_rms=1.5891 v_target_rms=2.6609
[step 1700/2000 epoch 13] cond_drop_frac=0.0957 grad_norm=2.5217 loss=4.3893 t_mean=0.5110 v_pred_rms=1.5950 v_target_rms=2.6403
[step 1720/2000 epoch 13] cond_drop_frac=0.0898 grad_norm=1.9065 loss=4.4121 t_mean=0.4877 v_pred_rms=1.6124 v_target_rms=2.6373
[step 1740/2000 epoch 14] cond_drop_frac=0.1113 grad_norm=1.7211 loss=4.5982 t_mean=0.4990 v_pred_rms=1.5667 v_target_rms=2.6498
[step 1760/2000 epoch 14] cond_drop_frac=0.1191 grad_norm=2.7621 loss=4.3708 t_mean=0.4982 v_pred_rms=1.5945 v_target_rms=2.6214
[step 1780/2000 epoch 14] cond_drop_frac=0.0918 grad_norm=2.0299 loss=4.5479 t_mean=0.4886 v_pred_rms=1.6218 v_target_rms=2.6688
[step 1800/2000 epoch 14] cond_drop_frac=0.0879 grad_norm=2.3535 loss=4.4335 t_mean=0.5065 v_pred_rms=1.6788 v_target_rms=2.6703
[step 1820/2000 epoch 14] cond_drop_frac=0.0957 grad_norm=2.5217 loss=4.5393 t_mean=0.4909 v_pred_rms=1.5887 v_target_rms=2.6383
[step 1840/2000 epoch 14] cond_drop_frac=0.0918 grad_norm=2.2971 loss=4.5953 t_mean=0.4850 v_pred_rms=1.5785 v_target_rms=2.6647
[step 1860/2000 epoch 15] cond_drop_frac=0.1055 grad_norm=2.0497 loss=4.5282 t_mean=0.4789 v_pred_rms=1.5798 v_target_rms=2.6473
[step 1880/2000 epoch 15] cond_drop_frac=0.0977 grad_norm=2.2089 loss=4.2124 t_mean=0.5061 v_pred_rms=1.6201 v_target_rms=2.6128
[step 1900/2000 epoch 15] cond_drop_frac=0.0898 grad_norm=2.0532 loss=4.3186 t_mean=0.4962 v_pred_rms=1.5445 v_target_rms=2.5871
[step 1920/2000 epoch 15] cond_drop_frac=0.0957 grad_norm=2.1703 loss=4.5470 t_mean=0.4843 v_pred_rms=1.5824 v_target_rms=2.6255
[step 1940/2000 epoch 15] cond_drop_frac=0.1016 grad_norm=2.1479 loss=4.5121 t_mean=0.4965 v_pred_rms=1.6163 v_target_rms=2.6557
[step 1960/2000 epoch 15] cond_drop_frac=0.1133 grad_norm=2.2609 loss=4.1454 t_mean=0.5176 v_pred_rms=1.5799 v_target_rms=2.5736
[step 1980/2000 epoch 16] cond_drop_frac=0.0801 grad_norm=2.2791 loss=4.5363 t_mean=0.5051 v_pred_rms=1.6500 v_target_rms=2.6820
[step 1999/2000 epoch 16] cond_drop_frac=0.1074 grad_norm=2.6625 loss=4.4569 t_mean=0.5113 v_pred_rms=1.6055 v_target_rms=2.6530
[done] step=2000 epoch=17 elapsed=444.0s first_loss=7.0731 last_loss=4.4569
wandb: WARNING Symlinked 1 file into the W&B run directory; call wandb.save again to sync new files.
wandb: uploading history steps 1696-1843, summary, console lines 87-94; updating run metadata
wandb: updating run metadata; uploading history steps 1844-1912, summary, console lines 95-97
wandb: uploading history steps 1844-1912, summary, console lines 95-97
wandb: uploading history steps 1844-1912, summary, console lines 95-97; uploading runs/stage1/final.pt; uploading output.log; uploading wandb-summary.json; uploading config.yaml
wandb: uploading history steps 1844-1912, summary, console lines 95-97; uploading runs/stage1/final.pt
wandb: uploading runs/stage1/final.pt; uploading history steps 1913-2000, summary, console lines 98-104
wandb: uploading history steps 1913-2000, summary, console lines 98-104
wandb: uploading data
wandb: 
wandb: Run history:
wandb:                          cond_drop_frac ▅▅▆▄▇▅▁█▅▅▃▂▄▄▃▃▅▅▂▅▅█▅▃▇▆▇▇▃▆▅▃▃▄▅▃▅▂▄▅
wandb:     diagnostics/condition_embedding_rms ▁▄▂▂▃▆▆▆▇██
wandb:             diagnostics/drug_swap_v_cos █▆▇▅▆▄▅▄▃▂▁
wandb: diagnostics/mse_gap_shuffled_minus_real ▁▂▂▃▃▂▅▂▃▂█
wandb:          diagnostics/mse_real_condition █▅▃▄▃▂▂▂▁▁▁
wandb:      diagnostics/mse_shuffled_condition █▅▃▄▃▂▂▂▁▁▁
wandb:          diagnostics/time_embedding_rms ▁▆▆▆▆▇█████
wandb:                                   epoch ▁▁▁▂▂▂▂▂▃▃▃▃▃▃▃▃▄▄▄▄▄▄▅▅▅▅▅▅▅▅▅▆▆▆▇▇▇▇██
wandb:                               grad_norm ▆▅██▃▄▃▃▄▄▃▄▄▃▄▃▂▃▃▂▃▄▁▃▄▃▃▂▄▂▂▃▂▃▃▃▃▂▁▃
wandb:                                    loss ██▆▅▅▅▄▄▄▅▄▄▄▄▄▄▄▄▃▃▂▂▂▂▂▂▁▁▂▂▁▂▂▂▂▁▁▂▁▁
wandb:                                     +12 ...
wandb: 
wandb: Run summary:
wandb:                          cond_drop_frac 0.10742
wandb:     diagnostics/condition_embedding_rms 0.04969
wandb:             diagnostics/drug_swap_v_cos 0.9986
wandb: diagnostics/mse_gap_shuffled_minus_real 0.00541
wandb:          diagnostics/mse_real_condition 4.22451
wandb:      diagnostics/mse_shuffled_condition 4.22992
wandb:          diagnostics/time_embedding_rms 1.0043
wandb:                                   epoch 16
wandb:                               grad_norm 2.66248
wandb:                                    loss 4.45686
wandb:                                     +12 ...
wandb: 
wandb: 🚀 View run lyric-lake-5 at: https://wandb.ai/immoustafa0-city-university-of-london/cellfluxv2-stage1/runs/hyeekygn
wandb: ⭐️ View project at: https://wandb.ai/immoustafa0-city-university-of-london/cellfluxv2-stage1
wandb: Synced 5 W&B file(s), 0 media file(s), 0 artifact file(s) and 2 other file(s)
wandb: Find logs at: ./runs/stage1/wandb/run-20260512_154952-hyeekygn/logs
