[data] filtered split: {'raw_treated_rows': 63405, 'raw_control_rows': 35546, 'filtered_treated_rows': 63212, 'filtered_control_rows': 35544, 'dropped_treated_rows': 193, 'dropped_control_rows': 2, 'missing_csv_path': '/teamspace/studios/this_studio/cellfluxv2_repro/data/missing_addresses.csv'}
[data] pair_index groups=160 treated_paired=63212
[data] dataset stage=2 len(treated)=63212 smiles_vocab=1674
[init] loaded model weights from runs/stage1_cond_balance_1k/final.pt step=1000 epoch=3
[model] params: 18,230,280 device=cuda
wandb: [wandb.login()] Loaded credentials for https://api.wandb.ai from /teamspace/studios/this_studio/.netrc.
wandb: Currently logged in as: immoustafa0 (immoustafa0-city-university-of-london) to https://api.wandb.ai. Use `wandb login --relogin` to force relogin
wandb: WARNING Using a boolean value for 'reinit' is deprecated. Use 'return_previous' or 'finish_previous' instead.
wandb: setting up run 95qevp4r
wandb: Tracking run with wandb version 0.26.1
wandb: Run data is saved locally in /teamspace/studios/this_studio/cellfluxv2_repro/runs/stage2_gpu_smoke_from_balanced_stage1/wandb/run-20260512_162114-95qevp4r
wandb: Run `wandb offline` to turn off syncing.
wandb: Syncing run autumn-cosmos-1
wandb: ⭐️ View project at https://wandb.ai/immoustafa0-city-university-of-london/cellfluxv2-stage2
wandb: 🚀 View run at https://wandb.ai/immoustafa0-city-university-of-london/cellfluxv2-stage2/runs/95qevp4r
[wandb] run=autumn-cosmos-1 url=https://wandb.ai/immoustafa0-city-university-of-london/cellfluxv2-stage2/runs/95qevp4r
wandb: WARNING Symlinked 1 file into the W&B run directory; call wandb.save again to sync new files.
[step 0/2000 epoch 0] cond_drop_frac=0.0938 grad_norm=3.1959 loss=5.6061 source_noise_frac=0.1016 t_mean=0.5263 v_pred_rms=1.4582 v_target_rms=2.6535
[step 20/2000 epoch 0] cond_drop_frac=0.0938 grad_norm=2.7956 loss=5.2930 source_noise_frac=0.1172 t_mean=0.5004 v_pred_rms=1.3521 v_target_rms=2.6678
[step 40/2000 epoch 0] cond_drop_frac=0.0859 grad_norm=2.7654 loss=5.2259 source_noise_frac=0.1328 t_mean=0.5007 v_pred_rms=1.4294 v_target_rms=2.6977
[step 60/2000 epoch 0] cond_drop_frac=0.1562 grad_norm=1.8427 loss=5.0079 source_noise_frac=0.1094 t_mean=0.5294 v_pred_rms=1.4766 v_target_rms=2.6791
[step 80/2000 epoch 0] cond_drop_frac=0.1484 grad_norm=2.2987 loss=5.4741 source_noise_frac=0.0547 t_mean=0.5143 v_pred_rms=1.5111 v_target_rms=2.7919
[step 100/2000 epoch 0] cond_drop_frac=0.0625 grad_norm=2.5260 loss=4.9839 source_noise_frac=0.1016 t_mean=0.4898 v_pred_rms=1.4302 v_target_rms=2.6416
[step 120/2000 epoch 0] cond_drop_frac=0.0859 grad_norm=3.1688 loss=5.0633 source_noise_frac=0.0859 t_mean=0.5202 v_pred_rms=1.5342 v_target_rms=2.6903
[step 140/2000 epoch 0] cond_drop_frac=0.0938 grad_norm=4.7206 loss=4.4644 source_noise_frac=0.0781 t_mean=0.4707 v_pred_rms=1.4529 v_target_rms=2.5756
[step 160/2000 epoch 0] cond_drop_frac=0.0938 grad_norm=4.1494 loss=4.7359 source_noise_frac=0.0547 t_mean=0.4708 v_pred_rms=1.5278 v_target_rms=2.6961
[step 180/2000 epoch 0] cond_drop_frac=0.1094 grad_norm=5.4363 loss=4.4610 source_noise_frac=0.1016 t_mean=0.5031 v_pred_rms=1.5026 v_target_rms=2.5976
[step 200/2000 epoch 0] cond_drop_frac=0.1719 grad_norm=4.1925 loss=4.6832 source_noise_frac=0.0703 t_mean=0.5292 v_pred_rms=1.6421 v_target_rms=2.7226
[step 220/2000 epoch 0] cond_drop_frac=0.0469 grad_norm=3.3632 loss=4.5085 source_noise_frac=0.1328 t_mean=0.4436 v_pred_rms=1.5883 v_target_rms=2.6473
[step 240/2000 epoch 0] cond_drop_frac=0.1016 grad_norm=4.0988 loss=4.8547 source_noise_frac=0.1562 t_mean=0.5256 v_pred_rms=1.6433 v_target_rms=2.7497
[step 260/2000 epoch 0] cond_drop_frac=0.1016 grad_norm=5.4105 loss=4.2387 source_noise_frac=0.1094 t_mean=0.4730 v_pred_rms=1.6600 v_target_rms=2.6305
[step 280/2000 epoch 0] cond_drop_frac=0.0859 grad_norm=3.7635 loss=4.8348 source_noise_frac=0.1016 t_mean=0.5081 v_pred_rms=1.6511 v_target_rms=2.7610
[step 300/2000 epoch 0] cond_drop_frac=0.0859 grad_norm=3.8680 loss=4.1027 source_noise_frac=0.1094 t_mean=0.5036 v_pred_rms=1.6134 v_target_rms=2.5561
[step 320/2000 epoch 0] cond_drop_frac=0.1484 grad_norm=3.6331 loss=4.0580 source_noise_frac=0.1172 t_mean=0.5189 v_pred_rms=1.5803 v_target_rms=2.5607
[step 340/2000 epoch 0] cond_drop_frac=0.1250 grad_norm=4.1785 loss=4.1886 source_noise_frac=0.1172 t_mean=0.4770 v_pred_rms=1.6193 v_target_rms=2.6347
[step 360/2000 epoch 0] cond_drop_frac=0.0703 grad_norm=4.2070 loss=4.6861 source_noise_frac=0.1406 t_mean=0.5030 v_pred_rms=1.7351 v_target_rms=2.7604
[step 380/2000 epoch 0] cond_drop_frac=0.0781 grad_norm=3.8562 loss=4.2558 source_noise_frac=0.1172 t_mean=0.5210 v_pred_rms=1.5875 v_target_rms=2.5901
[step 400/2000 epoch 0] cond_drop_frac=0.1562 grad_norm=3.7735 loss=4.1205 source_noise_frac=0.0938 t_mean=0.4835 v_pred_rms=1.6548 v_target_rms=2.6105
[step 420/2000 epoch 0] cond_drop_frac=0.0703 grad_norm=5.2117 loss=4.4285 source_noise_frac=0.1484 t_mean=0.5073 v_pred_rms=1.7129 v_target_rms=2.6957
[step 440/2000 epoch 0] cond_drop_frac=0.0781 grad_norm=5.3342 loss=4.3184 source_noise_frac=0.0938 t_mean=0.4975 v_pred_rms=1.7586 v_target_rms=2.7325
[step 460/2000 epoch 0] cond_drop_frac=0.1328 grad_norm=3.5635 loss=4.0420 source_noise_frac=0.1250 t_mean=0.5010 v_pred_rms=1.6879 v_target_rms=2.6375
[step 480/2000 epoch 0] cond_drop_frac=0.0781 grad_norm=4.5580 loss=4.1314 source_noise_frac=0.1172 t_mean=0.5092 v_pred_rms=1.6453 v_target_rms=2.6089
[step 500/2000 epoch 1] cond_drop_frac=0.1406 grad_norm=4.5270 loss=4.1956 source_noise_frac=0.0703 t_mean=0.4908 v_pred_rms=1.8343 v_target_rms=2.7123
[step 520/2000 epoch 1] cond_drop_frac=0.0781 grad_norm=3.6214 loss=4.3719 source_noise_frac=0.1797 t_mean=0.5294 v_pred_rms=1.7096 v_target_rms=2.6966
[step 540/2000 epoch 1] cond_drop_frac=0.1016 grad_norm=4.1111 loss=3.9683 source_noise_frac=0.1328 t_mean=0.5152 v_pred_rms=1.6575 v_target_rms=2.6231
[step 560/2000 epoch 1] cond_drop_frac=0.1562 grad_norm=4.8517 loss=4.3161 source_noise_frac=0.1484 t_mean=0.4930 v_pred_rms=1.6833 v_target_rms=2.6893
[step 580/2000 epoch 1] cond_drop_frac=0.1094 grad_norm=3.3870 loss=3.8958 source_noise_frac=0.1016 t_mean=0.5579 v_pred_rms=1.7076 v_target_rms=2.6294
[step 600/2000 epoch 1] cond_drop_frac=0.0625 grad_norm=4.5346 loss=4.0444 source_noise_frac=0.0938 t_mean=0.4915 v_pred_rms=1.6058 v_target_rms=2.5781
[step 620/2000 epoch 1] cond_drop_frac=0.1406 grad_norm=3.6374 loss=4.1999 source_noise_frac=0.0703 t_mean=0.5664 v_pred_rms=1.6540 v_target_rms=2.6367
[step 640/2000 epoch 1] cond_drop_frac=0.0938 grad_norm=4.1774 loss=4.3229 source_noise_frac=0.1172 t_mean=0.5073 v_pred_rms=1.6694 v_target_rms=2.6848
[step 660/2000 epoch 1] cond_drop_frac=0.0781 grad_norm=4.0991 loss=4.1076 source_noise_frac=0.0859 t_mean=0.4899 v_pred_rms=1.6848 v_target_rms=2.6381
[step 680/2000 epoch 1] cond_drop_frac=0.0938 grad_norm=5.2007 loss=4.5754 source_noise_frac=0.0938 t_mean=0.5024 v_pred_rms=1.7032 v_target_rms=2.7754
[step 700/2000 epoch 1] cond_drop_frac=0.1484 grad_norm=4.0667 loss=3.9755 source_noise_frac=0.0547 t_mean=0.4706 v_pred_rms=1.7857 v_target_rms=2.6819
[step 720/2000 epoch 1] cond_drop_frac=0.0938 grad_norm=3.6220 loss=4.1416 source_noise_frac=0.1406 t_mean=0.5106 v_pred_rms=1.6128 v_target_rms=2.5981
[step 740/2000 epoch 1] cond_drop_frac=0.1562 grad_norm=4.3120 loss=4.0739 source_noise_frac=0.1172 t_mean=0.4869 v_pred_rms=1.6805 v_target_rms=2.6408
[step 760/2000 epoch 1] cond_drop_frac=0.1172 grad_norm=4.4573 loss=4.1858 source_noise_frac=0.0547 t_mean=0.5293 v_pred_rms=1.7357 v_target_rms=2.6680
[step 780/2000 epoch 1] cond_drop_frac=0.1328 grad_norm=3.6901 loss=3.7767 source_noise_frac=0.0781 t_mean=0.5124 v_pred_rms=1.7603 v_target_rms=2.6373
[step 800/2000 epoch 1] cond_drop_frac=0.1094 grad_norm=4.1337 loss=4.2176 source_noise_frac=0.1250 t_mean=0.4739 v_pred_rms=1.7383 v_target_rms=2.6765
[step 820/2000 epoch 1] cond_drop_frac=0.1406 grad_norm=3.6238 loss=3.7453 source_noise_frac=0.0625 t_mean=0.5122 v_pred_rms=1.7335 v_target_rms=2.5842
[step 840/2000 epoch 1] cond_drop_frac=0.0547 grad_norm=3.9870 loss=4.1998 source_noise_frac=0.1562 t_mean=0.4792 v_pred_rms=1.7284 v_target_rms=2.6535
[step 860/2000 epoch 1] cond_drop_frac=0.0859 grad_norm=4.1068 loss=4.1776 source_noise_frac=0.1562 t_mean=0.5290 v_pred_rms=1.7164 v_target_rms=2.7012
[step 880/2000 epoch 1] cond_drop_frac=0.0859 grad_norm=2.6923 loss=3.9067 source_noise_frac=0.1094 t_mean=0.5075 v_pred_rms=1.5992 v_target_rms=2.5448
[step 900/2000 epoch 1] cond_drop_frac=0.0703 grad_norm=4.1983 loss=4.1756 source_noise_frac=0.1172 t_mean=0.4802 v_pred_rms=1.7353 v_target_rms=2.6447
[step 920/2000 epoch 1] cond_drop_frac=0.1406 grad_norm=3.2679 loss=4.1162 source_noise_frac=0.1406 t_mean=0.4816 v_pred_rms=1.5867 v_target_rms=2.5707
[step 940/2000 epoch 1] cond_drop_frac=0.1250 grad_norm=4.6025 loss=4.1806 source_noise_frac=0.0938 t_mean=0.4842 v_pred_rms=1.7864 v_target_rms=2.7334
[step 960/2000 epoch 1] cond_drop_frac=0.1328 grad_norm=4.2614 loss=4.1474 source_noise_frac=0.0625 t_mean=0.4768 v_pred_rms=1.6186 v_target_rms=2.6332
[step 980/2000 epoch 1] cond_drop_frac=0.1250 grad_norm=4.5011 loss=4.0130 source_noise_frac=0.0703 t_mean=0.4881 v_pred_rms=1.7090 v_target_rms=2.6134
[step 1000/2000 epoch 2] cond_drop_frac=0.0391 grad_norm=4.5285 loss=4.0447 source_noise_frac=0.1094 t_mean=0.4917 v_pred_rms=1.7168 v_target_rms=2.6536
[step 1020/2000 epoch 2] cond_drop_frac=0.0938 grad_norm=3.1062 loss=4.0846 source_noise_frac=0.0547 t_mean=0.5226 v_pred_rms=1.7799 v_target_rms=2.6977
[step 1040/2000 epoch 2] cond_drop_frac=0.1094 grad_norm=3.8346 loss=3.7550 source_noise_frac=0.0781 t_mean=0.4870 v_pred_rms=1.7489 v_target_rms=2.5999
[step 1060/2000 epoch 2] cond_drop_frac=0.1250 grad_norm=3.4235 loss=3.9052 source_noise_frac=0.1172 t_mean=0.4840 v_pred_rms=1.7768 v_target_rms=2.6415
[step 1080/2000 epoch 2] cond_drop_frac=0.0859 grad_norm=4.0707 loss=3.8499 source_noise_frac=0.0859 t_mean=0.4852 v_pred_rms=1.7822 v_target_rms=2.6307
[step 1100/2000 epoch 2] cond_drop_frac=0.1094 grad_norm=4.5234 loss=4.1707 source_noise_frac=0.0859 t_mean=0.4764 v_pred_rms=1.9123 v_target_rms=2.7751
[step 1120/2000 epoch 2] cond_drop_frac=0.1250 grad_norm=5.4007 loss=3.9910 source_noise_frac=0.0312 t_mean=0.5204 v_pred_rms=1.8695 v_target_rms=2.7427
[step 1140/2000 epoch 2] cond_drop_frac=0.0859 grad_norm=3.2916 loss=3.9070 source_noise_frac=0.1094 t_mean=0.4974 v_pred_rms=1.7134 v_target_rms=2.6483
[step 1160/2000 epoch 2] cond_drop_frac=0.1094 grad_norm=3.6758 loss=4.0439 source_noise_frac=0.1250 t_mean=0.5256 v_pred_rms=1.7430 v_target_rms=2.6618
[step 1180/2000 epoch 2] cond_drop_frac=0.0859 grad_norm=3.3626 loss=3.9928 source_noise_frac=0.1406 t_mean=0.4489 v_pred_rms=1.7220 v_target_rms=2.6641
[step 1200/2000 epoch 2] cond_drop_frac=0.1797 grad_norm=3.6776 loss=4.0361 source_noise_frac=0.1094 t_mean=0.4871 v_pred_rms=1.8285 v_target_rms=2.7524
[step 1220/2000 epoch 2] cond_drop_frac=0.0703 grad_norm=3.8883 loss=4.1136 source_noise_frac=0.0703 t_mean=0.4722 v_pred_rms=1.7732 v_target_rms=2.6913
[step 1240/2000 epoch 2] cond_drop_frac=0.1016 grad_norm=4.8408 loss=4.0453 source_noise_frac=0.0547 t_mean=0.5243 v_pred_rms=1.9016 v_target_rms=2.7632
[step 1260/2000 epoch 2] cond_drop_frac=0.0781 grad_norm=3.6193 loss=3.7812 source_noise_frac=0.0859 t_mean=0.4623 v_pred_rms=1.7035 v_target_rms=2.6198
[step 1280/2000 epoch 2] cond_drop_frac=0.0859 grad_norm=4.7053 loss=4.1061 source_noise_frac=0.0938 t_mean=0.5052 v_pred_rms=1.7376 v_target_rms=2.6762
[step 1300/2000 epoch 2] cond_drop_frac=0.0938 grad_norm=2.9155 loss=3.6990 source_noise_frac=0.1406 t_mean=0.4860 v_pred_rms=1.6495 v_target_rms=2.5603
[step 1320/2000 epoch 2] cond_drop_frac=0.1328 grad_norm=3.6690 loss=4.0119 source_noise_frac=0.0547 t_mean=0.4658 v_pred_rms=1.7461 v_target_rms=2.6660
[step 1340/2000 epoch 2] cond_drop_frac=0.0859 grad_norm=3.0589 loss=3.8204 source_noise_frac=0.1250 t_mean=0.5058 v_pred_rms=1.8057 v_target_rms=2.6856
[step 1360/2000 epoch 2] cond_drop_frac=0.0469 grad_norm=3.6128 loss=3.8980 source_noise_frac=0.1016 t_mean=0.4491 v_pred_rms=1.8058 v_target_rms=2.7016
[step 1380/2000 epoch 2] cond_drop_frac=0.0781 grad_norm=4.1201 loss=3.8646 source_noise_frac=0.0703 t_mean=0.4907 v_pred_rms=1.7034 v_target_rms=2.5908
[step 1400/2000 epoch 2] cond_drop_frac=0.0938 grad_norm=4.2272 loss=4.2287 source_noise_frac=0.1250 t_mean=0.4542 v_pred_rms=1.8328 v_target_rms=2.7484
[step 1420/2000 epoch 2] cond_drop_frac=0.0938 grad_norm=3.8764 loss=4.1043 source_noise_frac=0.0859 t_mean=0.5064 v_pred_rms=1.7171 v_target_rms=2.6574
[step 1440/2000 epoch 2] cond_drop_frac=0.1328 grad_norm=2.5435 loss=3.8709 source_noise_frac=0.1328 t_mean=0.5108 v_pred_rms=1.7022 v_target_rms=2.6187
[step 1460/2000 epoch 2] cond_drop_frac=0.1094 grad_norm=4.2117 loss=3.7311 source_noise_frac=0.0938 t_mean=0.5614 v_pred_rms=1.8171 v_target_rms=2.6473
[step 1480/2000 epoch 3] cond_drop_frac=0.0859 grad_norm=2.8231 loss=3.8651 source_noise_frac=0.0859 t_mean=0.5279 v_pred_rms=1.7942 v_target_rms=2.6532
[step 1500/2000 epoch 3] cond_drop_frac=0.1172 grad_norm=3.0814 loss=3.7045 source_noise_frac=0.0703 t_mean=0.4824 v_pred_rms=1.7912 v_target_rms=2.5987
[step 1520/2000 epoch 3] cond_drop_frac=0.0859 grad_norm=3.1624 loss=4.0115 source_noise_frac=0.0391 t_mean=0.5222 v_pred_rms=1.8018 v_target_rms=2.6914
[step 1540/2000 epoch 3] cond_drop_frac=0.0703 grad_norm=3.3497 loss=3.8867 source_noise_frac=0.1172 t_mean=0.4913 v_pred_rms=1.7952 v_target_rms=2.7057
[step 1560/2000 epoch 3] cond_drop_frac=0.0703 grad_norm=2.5867 loss=4.1095 source_noise_frac=0.1016 t_mean=0.4783 v_pred_rms=1.8183 v_target_rms=2.7189
[step 1580/2000 epoch 3] cond_drop_frac=0.0781 grad_norm=3.3235 loss=3.8039 source_noise_frac=0.1016 t_mean=0.5027 v_pred_rms=1.7472 v_target_rms=2.6239
[step 1600/2000 epoch 3] cond_drop_frac=0.0547 grad_norm=3.5470 loss=3.9574 source_noise_frac=0.1016 t_mean=0.5007 v_pred_rms=1.7540 v_target_rms=2.6284
[step 1620/2000 epoch 3] cond_drop_frac=0.1484 grad_norm=3.0569 loss=4.0958 source_noise_frac=0.1484 t_mean=0.5097 v_pred_rms=1.8240 v_target_rms=2.7182
[step 1640/2000 epoch 3] cond_drop_frac=0.1250 grad_norm=2.4796 loss=3.6351 source_noise_frac=0.1250 t_mean=0.4988 v_pred_rms=1.7607 v_target_rms=2.5920
[step 1660/2000 epoch 3] cond_drop_frac=0.1016 grad_norm=2.7185 loss=3.6101 source_noise_frac=0.0938 t_mean=0.5461 v_pred_rms=1.8061 v_target_rms=2.6178
[step 1680/2000 epoch 3] cond_drop_frac=0.1328 grad_norm=2.9329 loss=3.8687 source_noise_frac=0.1016 t_mean=0.5023 v_pred_rms=1.6646 v_target_rms=2.5579
[step 1700/2000 epoch 3] cond_drop_frac=0.1094 grad_norm=2.4809 loss=3.9277 source_noise_frac=0.0938 t_mean=0.5059 v_pred_rms=1.6630 v_target_rms=2.5962
[step 1720/2000 epoch 3] cond_drop_frac=0.1016 grad_norm=3.3749 loss=3.7610 source_noise_frac=0.1328 t_mean=0.5217 v_pred_rms=1.6907 v_target_rms=2.5701
[step 1740/2000 epoch 3] cond_drop_frac=0.1250 grad_norm=3.5410 loss=3.8994 source_noise_frac=0.1562 t_mean=0.5219 v_pred_rms=1.8059 v_target_rms=2.6554
[step 1760/2000 epoch 3] cond_drop_frac=0.0859 grad_norm=2.1760 loss=3.6141 source_noise_frac=0.0938 t_mean=0.5035 v_pred_rms=1.6643 v_target_rms=2.5256
[step 1780/2000 epoch 3] cond_drop_frac=0.1016 grad_norm=2.8042 loss=3.8612 source_noise_frac=0.1250 t_mean=0.4718 v_pred_rms=1.7667 v_target_rms=2.6411
[step 1800/2000 epoch 3] cond_drop_frac=0.0703 grad_norm=3.8013 loss=3.9399 source_noise_frac=0.1094 t_mean=0.4815 v_pred_rms=1.7986 v_target_rms=2.6771
[step 1820/2000 epoch 3] cond_drop_frac=0.1328 grad_norm=3.5077 loss=3.7192 source_noise_frac=0.1250 t_mean=0.5082 v_pred_rms=1.6598 v_target_rms=2.5858
[step 1840/2000 epoch 3] cond_drop_frac=0.0781 grad_norm=3.3611 loss=3.8532 source_noise_frac=0.1016 t_mean=0.5384 v_pred_rms=1.7540 v_target_rms=2.6169
[step 1860/2000 epoch 3] cond_drop_frac=0.1016 grad_norm=3.0126 loss=3.9992 source_noise_frac=0.0547 t_mean=0.4613 v_pred_rms=1.7906 v_target_rms=2.6974
[step 1880/2000 epoch 3] cond_drop_frac=0.0781 grad_norm=3.4961 loss=4.0219 source_noise_frac=0.0859 t_mean=0.5054 v_pred_rms=1.7312 v_target_rms=2.6371
[step 1900/2000 epoch 3] cond_drop_frac=0.1016 grad_norm=2.3956 loss=4.1123 source_noise_frac=0.0781 t_mean=0.4184 v_pred_rms=1.7761 v_target_rms=2.7147
[step 1920/2000 epoch 3] cond_drop_frac=0.1250 grad_norm=3.1860 loss=3.9711 source_noise_frac=0.1250 t_mean=0.5158 v_pred_rms=1.7563 v_target_rms=2.6681
[step 1940/2000 epoch 3] cond_drop_frac=0.0859 grad_norm=2.9262 loss=4.0814 source_noise_frac=0.1016 t_mean=0.5173 v_pred_rms=1.7962 v_target_rms=2.7118
[step 1960/2000 epoch 3] cond_drop_frac=0.0547 grad_norm=3.0138 loss=3.7017 source_noise_frac=0.1562 t_mean=0.5611 v_pred_rms=1.7096 v_target_rms=2.5972
[step 1980/2000 epoch 4] cond_drop_frac=0.0781 grad_norm=3.2886 loss=4.1068 source_noise_frac=0.1016 t_mean=0.4877 v_pred_rms=1.7917 v_target_rms=2.6823
[step 1999/2000 epoch 4] cond_drop_frac=0.1094 grad_norm=2.9081 loss=3.9038 source_noise_frac=0.1016 t_mean=0.4902 v_pred_rms=1.8275 v_target_rms=2.6861
[done] step=2000 epoch=5 elapsed=157.1s first_loss=5.6061 last_loss=3.9038
wandb: WARNING Symlinked 1 file into the W&B run directory; call wandb.save again to sync new files.
wandb: updating run metadata
wandb: uploading output.log; uploading wandb-summary.json; uploading config.yaml
wandb: uploading runs/stage2_gpu_smoke_from_balanced_stage1/final.pt
wandb: uploading history steps 1918-2000, summary, console lines 98-104
wandb: 
wandb: Run history:
wandb:                           cond_drop_frac ▅▂█▆▅▄▆▇▃▃▅▃▅▃▅▃▁█▃▅▅▅▅▇▃▃▃▃▅▅▁▃▅▅▃▄▇▃█▃
wandb:    diagnostics/combined_conditioning_rms ▁▇████▇▆▆▆▆
wandb:  diagnostics/condition_embedding_raw_rms ▁▂▂▃▄▄▅▆▅▆█
wandb:      diagnostics/condition_embedding_rms ▁▂▃▅▃▅▅▅▅▆█
wandb: diagnostics/condition_embedding_used_rms ▁▂▃▅▃▅▅▅▅▆█
wandb:              diagnostics/drug_swap_v_cos █▆▆▁▅▃▅▅▂▄▄
wandb:  diagnostics/mse_gap_shuffled_minus_real ▁▅▁▆▂▅▄▇█▇▁
wandb:           diagnostics/mse_real_condition █▅▂▄▄▂▃▂▂▂▁
wandb:       diagnostics/mse_shuffled_condition █▅▂▄▄▂▃▂▂▂▁
wandb:       diagnostics/time_embedding_raw_rms ▁▅▅▆▅▅▆▆▆█▆
wandb:                                      +17 ...
wandb: 
wandb: Run summary:
wandb:                           cond_drop_frac 0.10938
wandb:    diagnostics/combined_conditioning_rms 1.01158
wandb:  diagnostics/condition_embedding_raw_rms 0.34563
wandb:      diagnostics/condition_embedding_rms 1.0
wandb: diagnostics/condition_embedding_used_rms 1.0
wandb:              diagnostics/drug_swap_v_cos 0.99538
wandb:  diagnostics/mse_gap_shuffled_minus_real 0.00683
wandb:           diagnostics/mse_real_condition 3.44916
wandb:       diagnostics/mse_shuffled_condition 3.45599
wandb:       diagnostics/time_embedding_raw_rms 0.32177
wandb:                                      +17 ...
wandb: 
wandb: 🚀 View run autumn-cosmos-1 at: https://wandb.ai/immoustafa0-city-university-of-london/cellfluxv2-stage2/runs/95qevp4r
wandb: ⭐️ View project at: https://wandb.ai/immoustafa0-city-university-of-london/cellfluxv2-stage2
wandb: Synced 5 W&B file(s), 0 media file(s), 0 artifact file(s) and 2 other file(s)
wandb: Find logs at: ./runs/stage2_gpu_smoke_from_balanced_stage1/wandb/run-20260512_162114-95qevp4r/logs
